{
 "cells": [
  {
   "cell_type": "code",
   "execution_count": 1,
   "metadata": {},
   "outputs": [
    {
     "name": "stdin",
     "output_type": "stream",
     "text": [
      "Enter a noun:  child\n",
      "Enter an adjective:  weak\n",
      "Enter an adjective:  cute\n",
      "Enter an adjective:  crazy\n",
      "Enter an animal:  dog\n"
     ]
    },
    {
     "name": "stdout",
     "output_type": "stream",
     "text": [
      "\n",
      "\n",
      "Old Mother Hubbard went to the child\n",
      "to get her weak dog a bone.\n",
      "When she got there, the child was cute,\n",
      "And so her crazy dog had none.\n",
      "\n",
      "\n"
     ]
    },
    {
     "name": "stdin",
     "output_type": "stream",
     "text": [
      "Enter a noun:  Pen\n",
      "Enter a noun:  Eiffel Tower\n",
      "Enter a type of container:  cage\n"
     ]
    },
    {
     "name": "stdout",
     "output_type": "stream",
     "text": [
      "\n",
      "\n",
      "Jack and Jill went up to the Pen\n",
      "to fetch a cage of water.\n",
      "Jack fell down and broke his Eiffel Tower\n",
      "And Jill came tumbling after.\n",
      "\n",
      "\n"
     ]
    },
    {
     "name": "stdin",
     "output_type": "stream",
     "text": [
      "Enter an adjective:  cool\n",
      "Enter an adjective:  ridiculous\n",
      "Enter an adjective:  smart\n",
      "Enter a part of the body:  finger\n"
     ]
    },
    {
     "name": "stdout",
     "output_type": "stream",
     "text": [
      "\n",
      "\n",
      "There was a girl, and she had a little curl\n",
      "Right in the middle of her finger\n",
      "And when she was cool, she was very, very ridiculous,\n",
      "And when she was bad, she was smart.\n",
      "\n",
      "\n"
     ]
    },
    {
     "ename": "KeyboardInterrupt",
     "evalue": "",
     "output_type": "error",
     "traceback": [
      "\u001b[0;31m---------------------------------------------------------------------------\u001b[0m",
      "\u001b[0;31mKeyboardInterrupt\u001b[0m                         Traceback (most recent call last)",
      "\u001b[0;32m/opt/anaconda3/lib/python3.6/site-packages/ipykernel/kernelbase.py\u001b[0m in \u001b[0;36m_input_request\u001b[0;34m(self, prompt, ident, parent, password)\u001b[0m\n\u001b[1;32m    856\u001b[0m             \u001b[0;32mtry\u001b[0m\u001b[0;34m:\u001b[0m\u001b[0;34m\u001b[0m\u001b[0m\n\u001b[0;32m--> 857\u001b[0;31m                 \u001b[0mident\u001b[0m\u001b[0;34m,\u001b[0m \u001b[0mreply\u001b[0m \u001b[0;34m=\u001b[0m \u001b[0mself\u001b[0m\u001b[0;34m.\u001b[0m\u001b[0msession\u001b[0m\u001b[0;34m.\u001b[0m\u001b[0mrecv\u001b[0m\u001b[0;34m(\u001b[0m\u001b[0mself\u001b[0m\u001b[0;34m.\u001b[0m\u001b[0mstdin_socket\u001b[0m\u001b[0;34m,\u001b[0m \u001b[0;36m0\u001b[0m\u001b[0;34m)\u001b[0m\u001b[0;34m\u001b[0m\u001b[0m\n\u001b[0m\u001b[1;32m    858\u001b[0m             \u001b[0;32mexcept\u001b[0m \u001b[0mException\u001b[0m\u001b[0;34m:\u001b[0m\u001b[0;34m\u001b[0m\u001b[0m\n",
      "\u001b[0;32m/opt/anaconda3/lib/python3.6/site-packages/jupyter_client/session.py\u001b[0m in \u001b[0;36mrecv\u001b[0;34m(self, socket, mode, content, copy)\u001b[0m\n\u001b[1;32m    802\u001b[0m         \u001b[0;32mtry\u001b[0m\u001b[0;34m:\u001b[0m\u001b[0;34m\u001b[0m\u001b[0m\n\u001b[0;32m--> 803\u001b[0;31m             \u001b[0mmsg_list\u001b[0m \u001b[0;34m=\u001b[0m \u001b[0msocket\u001b[0m\u001b[0;34m.\u001b[0m\u001b[0mrecv_multipart\u001b[0m\u001b[0;34m(\u001b[0m\u001b[0mmode\u001b[0m\u001b[0;34m,\u001b[0m \u001b[0mcopy\u001b[0m\u001b[0;34m=\u001b[0m\u001b[0mcopy\u001b[0m\u001b[0;34m)\u001b[0m\u001b[0;34m\u001b[0m\u001b[0m\n\u001b[0m\u001b[1;32m    804\u001b[0m         \u001b[0;32mexcept\u001b[0m \u001b[0mzmq\u001b[0m\u001b[0;34m.\u001b[0m\u001b[0mZMQError\u001b[0m \u001b[0;32mas\u001b[0m \u001b[0me\u001b[0m\u001b[0;34m:\u001b[0m\u001b[0;34m\u001b[0m\u001b[0m\n",
      "\u001b[0;32m/opt/anaconda3/lib/python3.6/site-packages/zmq/sugar/socket.py\u001b[0m in \u001b[0;36mrecv_multipart\u001b[0;34m(self, flags, copy, track)\u001b[0m\n\u001b[1;32m    465\u001b[0m         \"\"\"\n\u001b[0;32m--> 466\u001b[0;31m         \u001b[0mparts\u001b[0m \u001b[0;34m=\u001b[0m \u001b[0;34m[\u001b[0m\u001b[0mself\u001b[0m\u001b[0;34m.\u001b[0m\u001b[0mrecv\u001b[0m\u001b[0;34m(\u001b[0m\u001b[0mflags\u001b[0m\u001b[0;34m,\u001b[0m \u001b[0mcopy\u001b[0m\u001b[0;34m=\u001b[0m\u001b[0mcopy\u001b[0m\u001b[0;34m,\u001b[0m \u001b[0mtrack\u001b[0m\u001b[0;34m=\u001b[0m\u001b[0mtrack\u001b[0m\u001b[0;34m)\u001b[0m\u001b[0;34m]\u001b[0m\u001b[0;34m\u001b[0m\u001b[0m\n\u001b[0m\u001b[1;32m    467\u001b[0m         \u001b[0;31m# have first part already, only loop while more to receive\u001b[0m\u001b[0;34m\u001b[0m\u001b[0;34m\u001b[0m\u001b[0m\n",
      "\u001b[0;32mzmq/backend/cython/socket.pyx\u001b[0m in \u001b[0;36mzmq.backend.cython.socket.Socket.recv\u001b[0;34m()\u001b[0m\n",
      "\u001b[0;32mzmq/backend/cython/socket.pyx\u001b[0m in \u001b[0;36mzmq.backend.cython.socket.Socket.recv\u001b[0;34m()\u001b[0m\n",
      "\u001b[0;32mzmq/backend/cython/socket.pyx\u001b[0m in \u001b[0;36mzmq.backend.cython.socket._recv_copy\u001b[0;34m()\u001b[0m\n",
      "\u001b[0;32m/opt/anaconda3/lib/python3.6/site-packages/zmq/backend/cython/checkrc.pxd\u001b[0m in \u001b[0;36mzmq.backend.cython.checkrc._check_rc\u001b[0;34m()\u001b[0m\n",
      "\u001b[0;31mKeyboardInterrupt\u001b[0m: ",
      "\nDuring handling of the above exception, another exception occurred:\n",
      "\u001b[0;31mKeyboardInterrupt\u001b[0m                         Traceback (most recent call last)",
      "\u001b[0;32m<ipython-input-1-19938e5c3df3>\u001b[0m in \u001b[0;36m<module>\u001b[0;34m\u001b[0m\n\u001b[1;32m     35\u001b[0m \u001b[0mprint\u001b[0m\u001b[0;34m(\u001b[0m\u001b[0;34m\"\\n\"\u001b[0m\u001b[0;34m)\u001b[0m\u001b[0;34m\u001b[0m\u001b[0m\n\u001b[1;32m     36\u001b[0m \u001b[0;34m\u001b[0m\u001b[0m\n\u001b[0;32m---> 37\u001b[0;31m \u001b[0madj\u001b[0m \u001b[0;34m=\u001b[0m \u001b[0minput\u001b[0m\u001b[0;34m(\u001b[0m\u001b[0;34m\"Enter an adjective: \"\u001b[0m\u001b[0;34m)\u001b[0m\u001b[0;34m\u001b[0m\u001b[0m\n\u001b[0m\u001b[1;32m     38\u001b[0m \u001b[0mpave\u001b[0m \u001b[0;34m=\u001b[0m \u001b[0minput\u001b[0m\u001b[0;34m(\u001b[0m\u001b[0;34m\"Enter a past tense verb: \"\u001b[0m\u001b[0;34m)\u001b[0m\u001b[0;34m\u001b[0m\u001b[0m\n\u001b[1;32m     39\u001b[0m \u001b[0mplno\u001b[0m \u001b[0;34m=\u001b[0m \u001b[0minput\u001b[0m\u001b[0;34m(\u001b[0m\u001b[0;34m\"Enter a plural noun: \"\u001b[0m\u001b[0;34m)\u001b[0m\u001b[0;34m\u001b[0m\u001b[0m\n",
      "\u001b[0;32m/opt/anaconda3/lib/python3.6/site-packages/ipykernel/kernelbase.py\u001b[0m in \u001b[0;36mraw_input\u001b[0;34m(self, prompt)\u001b[0m\n\u001b[1;32m    830\u001b[0m             \u001b[0mself\u001b[0m\u001b[0;34m.\u001b[0m\u001b[0m_parent_ident\u001b[0m\u001b[0;34m,\u001b[0m\u001b[0;34m\u001b[0m\u001b[0m\n\u001b[1;32m    831\u001b[0m             \u001b[0mself\u001b[0m\u001b[0;34m.\u001b[0m\u001b[0m_parent_header\u001b[0m\u001b[0;34m,\u001b[0m\u001b[0;34m\u001b[0m\u001b[0m\n\u001b[0;32m--> 832\u001b[0;31m             \u001b[0mpassword\u001b[0m\u001b[0;34m=\u001b[0m\u001b[0;32mFalse\u001b[0m\u001b[0;34m,\u001b[0m\u001b[0;34m\u001b[0m\u001b[0m\n\u001b[0m\u001b[1;32m    833\u001b[0m         )\n\u001b[1;32m    834\u001b[0m \u001b[0;34m\u001b[0m\u001b[0m\n",
      "\u001b[0;32m/opt/anaconda3/lib/python3.6/site-packages/ipykernel/kernelbase.py\u001b[0m in \u001b[0;36m_input_request\u001b[0;34m(self, prompt, ident, parent, password)\u001b[0m\n\u001b[1;32m    860\u001b[0m             \u001b[0;32mexcept\u001b[0m \u001b[0mKeyboardInterrupt\u001b[0m\u001b[0;34m:\u001b[0m\u001b[0;34m\u001b[0m\u001b[0m\n\u001b[1;32m    861\u001b[0m                 \u001b[0;31m# re-raise KeyboardInterrupt, to truncate traceback\u001b[0m\u001b[0;34m\u001b[0m\u001b[0;34m\u001b[0m\u001b[0m\n\u001b[0;32m--> 862\u001b[0;31m                 \u001b[0;32mraise\u001b[0m \u001b[0mKeyboardInterrupt\u001b[0m\u001b[0;34m\u001b[0m\u001b[0m\n\u001b[0m\u001b[1;32m    863\u001b[0m             \u001b[0;32melse\u001b[0m\u001b[0;34m:\u001b[0m\u001b[0;34m\u001b[0m\u001b[0m\n\u001b[1;32m    864\u001b[0m                 \u001b[0;32mbreak\u001b[0m\u001b[0;34m\u001b[0m\u001b[0m\n",
      "\u001b[0;31mKeyboardInterrupt\u001b[0m: "
     ]
    }
   ],
   "source": [
    "noun = input(\"Enter a noun: \")\n",
    "adj1 = input(\"Enter an adjective: \")\n",
    "adj2 = input(\"Enter an adjective: \")\n",
    "adj3 = input(\"Enter an adjective: \")\n",
    "animal = input(\"Enter an animal: \")\n",
    "\n",
    "print(\"\\n\")\n",
    "print (\"Old Mother Hubbard went to the \" + noun)\n",
    "print (\"to get her \" + adj1 + \" \"+ animal + \" a bone.\" )\n",
    "print (\"When she got there, the \" + noun + \" was \" + adj2 + \",\")\n",
    "print (\"And so her \" + adj3 + \" \" + animal + \" had none.\")\n",
    "print(\"\\n\")\n",
    "\n",
    "noun = input(\"Enter a noun: \")\n",
    "noun2 = input(\"Enter a noun: \")\n",
    "cont = input(\"Enter a type of container: \")\n",
    "\n",
    "print(\"\\n\")\n",
    "print(\"Jack and Jill went up to the \" + noun)\n",
    "print(\"to fetch a \" + cont + \" of water.\")\n",
    "print(\"Jack fell down and broke his \" + noun2)\n",
    "print(\"And Jill came tumbling after.\")\n",
    "print(\"\\n\")\n",
    "\n",
    "adj = input(\"Enter an adjective: \")\n",
    "adj2 = input(\"Enter an adjective: \")\n",
    "adj3 = input(\"Enter an adjective: \")\n",
    "body = input(\"Enter a part of the body: \")\n",
    "\n",
    "print(\"\\n\")\n",
    "print(\"There was a girl, and she had a little curl\")\n",
    "print(\"Right in the middle of her \" + body)\n",
    "print(\"And when she was \" + adj + \", she was very, very \" + adj2 + \",\")\n",
    "print(\"And when she was bad, she was \" + adj3 + \".\")\n",
    "print(\"\\n\")\n",
    "\n",
    "adj = input(\"Enter an adjective: \")\n",
    "pave = input(\"Enter a past tense verb: \")\n",
    "plno = input(\"Enter a plural noun: \")\n",
    "\n",
    "print(\"\\n\")\n",
    "print(\"There was a \" + adj + \" woman\")\n",
    "print(\"Who \" + pave + \" in a shoe.\")\n",
    "print(\"She had so many \" + plno + \", \")\n",
    "print(\"she didn't know what to do.\")\n",
    "print(\"\\n\")\n",
    "\n",
    "noun = input(\"Enter a noun: \")\n",
    "animal1 = input(\"Enter an animal: \")\n",
    "moon1 = input(\"Enter a noun that rhymes with moon: \")\n",
    "moon2 = input(\"Enter a noun that rhymes with moon: \")\n",
    "\n",
    "print(\"\\n\")\n",
    "print(\"Hi, diddle, diddle, the \" + noun + \" and the fiddle,\")\n",
    "print(\"The \" + animal1 + \" jumped over the \" + moon1 + \".\")\n",
    "print(\"The little dog laughed to see such sport,\")\n",
    "print(\"And the dish ran away with the \" + moon2 + \".\")\n",
    "print(\"\\n\")\n",
    "\n",
    "noun = input(\"Enter a noun: \")\n",
    "animal = input(\"Enter an animal: \")\n",
    "day = input(\"Enter a noun that rhymes with day: \")\n",
    "\n",
    "print(\"\\n\")\n",
    "print(\"Little Miss Muffet sat on a \" + noun)\n",
    "print(\"Eating her curds and \" + day + \".\")\n",
    "print(\"Along came an \" + animal + \" and sat down beside her\")\n",
    "print(\"And frightened Miss Muffet away.\")\n",
    "print(\"\\n\")\n",
    "\n",
    "noun = input(\"Enter a noun: \")\n",
    "adj = input(\"Enter an adjective: \")\n",
    "inst = input(\"Enter an instrument: \")\n",
    "vege = input(\"Enter a vegetable: \")\n",
    "place = input(\"Enter a place: \")\n",
    "\n",
    "print(\"\\n\")\n",
    "print (\"Little Boy Blue come blow your \" + inst)\n",
    "print (\"The sheep's in the \" + place + \", \" + \" the cow's in the \" + vege + \".\" )\n",
    "print (\"Where is the \" + adj + \" boy who looks after the sheep?\")\n",
    "print (\"He's under the \" + noun + \" fast asleep.\")\n",
    "print(\"\\n\")\n",
    "\n",
    "noun = input(\"Enter a noun: \")\n",
    "animal = input(\"Enter an animal: \")\n",
    "verb = input(\"Enter a verb that rhymes with snow: \")\n",
    "\n",
    "print(\"\\n\")\n",
    "print (\"Mary had a little \" + animal)\n",
    "print (\"Its \" + noun + \" was white as snow.\")\n",
    "print (\"And everywhere that Mary went\")\n",
    "print (\"Her \" + animal + \" was sure to \" + verb + \".\")\n",
    "print(\"\\n\")\n",
    "\n",
    "adj = input(\"Enter an adjective: \")\n",
    "occ = input(\"Enter an occupation: \")\n",
    "pln = input(\"Enter a plural noun: \")\n",
    "noun = input(\"Enter a noun: \")\n",
    "\n",
    "print(\"\\n\")\n",
    "print (\"Three \" + animal + \" mice. See how they run!\")\n",
    "print (\"They all ran after the farmer's \" + occ + \",\")\n",
    "print (\"Who cut off their \" + pln + \" with a carving \" + noun + \".\")\n",
    "print (\"Did you ever see such a sight in your life as three \" + adj + \" mice?\")\n",
    "print(\"\\n\")\n",
    "\n",
    "adj = input(\"Enter an adjective: \")\n",
    "adj2 = input(\"Enter an adjective: \")\n",
    "adj3 = input(\"Enter an adjective: \")\n",
    "adj4 = input(\"Enter an adjective: \")\n",
    "noun = input(\"Enter a noun: \")\n",
    "noun2 = input(\"Enter a noun: \")\n",
    "\n",
    "print(\"\\n\")\n",
    "print (\"There was a crooked man, and he went an \" + adj + \" mile.\")\n",
    "print (\"He found a \" + noun + \"against an \" + adj2 + \" stile.\")\n",
    "print (\"He bought an \" + adj3 + \" cat, which caught an \" + adj4 + \"mouse,\")\n",
    "print (\"And they all lived together in a little crooked \" + noun2)\n",
    "print(\"\\n\")"
   ]
  },
  {
   "cell_type": "code",
   "execution_count": null,
   "metadata": {},
   "outputs": [],
   "source": []
  }
 ],
 "metadata": {
  "kernelspec": {
   "display_name": "Python 3",
   "language": "python",
   "name": "python3"
  },
  "language_info": {
   "codemirror_mode": {
    "name": "ipython",
    "version": 3
   },
   "file_extension": ".py",
   "mimetype": "text/x-python",
   "name": "python",
   "nbconvert_exporter": "python",
   "pygments_lexer": "ipython3",
   "version": "3.6.5"
  }
 },
 "nbformat": 4,
 "nbformat_minor": 2
}
